#
# There is insufficient memory for the Java Runtime Environment to continue.
# Native memory allocation (mmap) failed to map 100663296 bytes for G1 virtual space
# Possible reasons:
#   The system is out of physical RAM or swap space
#   The process is running with CompressedOops enabled, and the Java Heap may be blocking the growth of the native heap
# Possible solutions:
#   Reduce memory load on the system
#   Increase physical memory or swap space
#   Check if swap backing store is full
#   Decrease Java heap size (-Xmx/-Xms)
#   Decrease number of Java threads
#   Decrease Java thread stack sizes (-Xss)
#   Set larger code cache with -XX:ReservedCodeCacheSize=
#   JVM is running with Unscaled Compressed Oops mode in which the Java heap is
#     placed in the first 4GB address space. The Java Heap base address is the
#     maximum limit for the native heap growth. Please use -XX:HeapBaseMinAddress
#     to set the Java Heap base and to place the Java Heap above 4GB virtual address.
# This output file may be truncated or incomplete.
#
#  Out of Memory Error (os_windows.cpp:3548), pid=29456, tid=47756
#
# JRE version:  (17.0.12+8) (build )
# Java VM: Java HotSpot(TM) 64-Bit Server VM (17.0.12+8-LTS-286, mixed mode, emulated-client, sharing, tiered, compressed oops, compressed class ptrs, g1 gc, windows-amd64)
# No core dump will be written. Minidumps are not enabled by default on client versions of Windows
#

---------------  S U M M A R Y ------------

Command Line: -Dcom.sun.management.jmxremote -Dcom.sun.management.jmxremote.port=63468 -Dcom.sun.management.jmxremote.authenticate=false -Dcom.sun.management.jmxremote.ssl=false -Djava.rmi.server.hostname=localhost -Dspring.jmx.enabled=true -Dmanagement.endpoints.jmx.exposure.include=* -Dspring.application.admin.enabled=true -XX:TieredStopAtLevel=1 -Dspring.boot.project.name=configserver -Dfile.encoding=UTF-8 -Dstdout.encoding=UTF-8 -Dstderr.encoding=UTF-8 -XX:+ShowCodeDetailsInExceptionMessages com.eazybytes.configserver.ConfigserverApplication --spring.output.ansi.enabled=always

Host: AMD Ryzen 5 3500U with Radeon Vega Mobile Gfx  , 8 cores, 5G,  Windows 11 , 64 bit Build 26100 (10.0.26100.5074)
Time: Sun Nov  9 15:46:26 2025 India Standard Time elapsed time: 2.293677 seconds (0d 0h 0m 2s)

---------------  T H R E A D  ---------------

Current thread (0x000001ba8d5fa4f0):  JavaThread "Unknown thread" [_thread_in_vm, id=47756, stack(0x0000009cf4b00000,0x0000009cf4c00000)]

Stack: [0x0000009cf4b00000,0x0000009cf4c00000]
Native frames: (J=compiled Java code, j=interpreted, Vv=VM code, C=native code)
V  [jvm.dll+0x67a04a]
V  [jvm.dll+0x7da4ed]
V  [jvm.dll+0x7dbe33]
V  [jvm.dll+0x7dc4a3]
V  [jvm.dll+0x24508f]
V  [jvm.dll+0x677089]
V  [jvm.dll+0x66bd32]
V  [jvm.dll+0x301fa6]
V  [jvm.dll+0x309546]
V  [jvm.dll+0x359d2e]
V  [jvm.dll+0x359f5f]
V  [jvm.dll+0x2d9078]
V  [jvm.dll+0x2d9fe4]
V  [jvm.dll+0x7aca21]
V  [jvm.dll+0x367591]
V  [jvm.dll+0x78b999]
V  [jvm.dll+0x3ec83f]
V  [jvm.dll+0x3ee471]
C  [jli.dll+0x5297]
C  [ucrtbase.dll+0x37b0]
C  [KERNEL32.DLL+0x2e8d7]
C  [ntdll.dll+0x8d9c]


---------------  P R O C E S S  ---------------

Threads class SMR info:
_java_thread_list=0x00007ff879607a18, length=0, elements={
}

Java Threads: ( => current thread )

Other Threads:
  0x000001ba8d644920 GCTaskThread "GC Thread#0" [stack: 0x0000009cf4c00000,0x0000009cf4d00000] [id=48908]
  0x000001ba8d6516b0 ConcurrentGCThread "G1 Main Marker" [stack: 0x0000009cf4d00000,0x0000009cf4e00000] [id=27056]
  0x000001ba8d6520c0 ConcurrentGCThread "G1 Conc#0" [stack: 0x0000009cf4e00000,0x0000009cf4f00000] [id=39948]

[error occurred during error reporting (printing all threads), id 0xc0000005, EXCEPTION_ACCESS_VIOLATION (0xc0000005) at pc=0x00007ff878e39b67]

VM state: not at safepoint (not fully initialized)

VM Mutex/Monitor currently owned by a thread:  ([mutex/lock_event])
[0x000001ba8d5f5ef0] Heap_lock - owner thread: 0x000001ba8d5fa4f0

Heap address: 0x00000000a0e00000, size: 1522 MB, Compressed Oops mode: 32-bit

CDS archive(s) mapped at: [0x0000000000000000-0x0000000000000000-0x0000000000000000), size 0, SharedBaseAddress: 0x0000000800000000, ArchiveRelocationMode: 1.
Narrow klass base: 0x0000000000000000, Narrow klass shift: 0, Narrow klass range: 0x0

GC Precious Log:
<Empty>

Heap:
 garbage-first heap   total 0K, used 0K [0x00000000a0e00000, 0x0000000100000000)
  region size 1024K, 0 young (0K), 0 survivors (0K)

[error occurred during error reporting (printing heap information), id 0xc0000005, EXCEPTION_ACCESS_VIOLATION (0xc0000005) at pc=0x00007ff879223859]

GC Heap History (0 events):
No events

Deoptimization events (0 events):
No events

Classes unloaded (0 events):
No events

Classes redefined (0 events):
No events

Internal exceptions (0 events):
No events

VM Operations (0 events):
No events

Events (1 events):
Event: 0.102 Loaded shared library C:\Program Files\Java\jdk-17\bin\java.dll


Dynamic libraries:
0x00007ff7acdf0000 - 0x00007ff7ace00000 	C:\Program Files\Java\jdk-17\bin\javaw.exe
0x00007ff914220000 - 0x00007ff914489000 	C:\WINDOWS\SYSTEM32\ntdll.dll
0x00007ff913070000 - 0x00007ff913139000 	C:\WINDOWS\System32\KERNEL32.DLL
0x00007ff911bf0000 - 0x00007ff911fe3000 	C:\WINDOWS\System32\KERNELBASE.dll
0x00007ff9113b0000 - 0x00007ff9114fb000 	C:\WINDOWS\System32\ucrtbase.dll
0x00007ff90a6d0000 - 0x00007ff90a6e9000 	C:\Program Files\Java\jdk-17\bin\jli.dll
0x00007ff913be0000 - 0x00007ff913c94000 	C:\WINDOWS\System32\ADVAPI32.dll
0x00007ff9137b0000 - 0x00007ff913859000 	C:\WINDOWS\System32\msvcrt.dll
0x00007ff914130000 - 0x00007ff9141d6000 	C:\WINDOWS\System32\sechost.dll
0x00007ff913690000 - 0x00007ff9137a8000 	C:\WINDOWS\System32\RPCRT4.dll
0x00007ff912160000 - 0x00007ff912324000 	C:\WINDOWS\System32\USER32.dll
0x00007ff911a40000 - 0x00007ff911a67000 	C:\WINDOWS\System32\win32u.dll
0x00007ff9125e0000 - 0x00007ff91260b000 	C:\WINDOWS\System32\GDI32.dll
0x00007ff911670000 - 0x00007ff91179d000 	C:\WINDOWS\System32\gdi32full.dll
0x00007ff911990000 - 0x00007ff911a33000 	C:\WINDOWS\System32\msvcp_win.dll
0x00007ff907cb0000 - 0x00007ff907ccb000 	C:\Program Files\Java\jdk-17\bin\VCRUNTIME140.dll
0x00007ff8f6800000 - 0x00007ff8f6a93000 	C:\WINDOWS\WinSxS\amd64_microsoft.windows.common-controls_6595b64144ccf1df_6.0.26100.5074_none_3e0d6f78e32fd63f\COMCTL32.dll
0x00007ff90a7b0000 - 0x00007ff90a7bb000 	C:\WINDOWS\SYSTEM32\VERSION.dll
0x00007ff913030000 - 0x00007ff91305f000 	C:\WINDOWS\System32\IMM32.DLL
0x00007ff8ec2e0000 - 0x00007ff8ec408000 	C:\Program Files (x86)\Citrix\ICA Client\epclient64.dll
0x00007ff9102b0000 - 0x00007ff9102e6000 	C:\WINDOWS\SYSTEM32\ntmarta.dll
0x00007ff904de0000 - 0x00007ff904dec000 	C:\Program Files\Java\jdk-17\bin\vcruntime140_1.dll
0x00007ff903be0000 - 0x00007ff903c6e000 	C:\Program Files\Java\jdk-17\bin\msvcp140.dll
0x00007ff878b50000 - 0x00007ff879730000 	C:\Program Files\Java\jdk-17\bin\server\jvm.dll
0x00007ff9133e0000 - 0x00007ff9133e8000 	C:\WINDOWS\System32\PSAPI.DLL
0x00007ff8f2810000 - 0x00007ff8f281a000 	C:\WINDOWS\SYSTEM32\WSOCK32.dll
0x00007ff913220000 - 0x00007ff913294000 	C:\WINDOWS\System32\WS2_32.dll
0x00007ff90a770000 - 0x00007ff90a7a5000 	C:\WINDOWS\SYSTEM32\WINMM.dll
0x00007ff910190000 - 0x00007ff9101ab000 	C:\WINDOWS\SYSTEM32\kernel.appcore.dll
0x00007ff904dd0000 - 0x00007ff904dda000 	C:\Program Files\Java\jdk-17\bin\jimage.dll
0x00007ff90e840000 - 0x00007ff90ea82000 	C:\WINDOWS\SYSTEM32\DBGHELP.DLL
0x00007ff913860000 - 0x00007ff913bdb000 	C:\WINDOWS\System32\combase.dll
0x000001ba8ccc0000 - 0x000001ba8cd97000 	C:\WINDOWS\System32\OLEAUT32.dll
0x00007ff8f5d20000 - 0x00007ff8f5d5d000 	C:\WINDOWS\SYSTEM32\dbgcore.DLL
0x00007ff911830000 - 0x00007ff9118c9000 	C:\WINDOWS\System32\bcryptPrimitives.dll
0x00007ff904da0000 - 0x00007ff904dc5000 	C:\Program Files\Java\jdk-17\bin\java.dll

dbghelp: loaded successfully - version: 4.0.5 - missing functions: none
symbol engine: initialized successfully - sym options: 0x614 - pdb path: .;C:\Program Files\Java\jdk-17\bin;C:\WINDOWS\SYSTEM32;C:\WINDOWS\WinSxS\amd64_microsoft.windows.common-controls_6595b64144ccf1df_6.0.26100.5074_none_3e0d6f78e32fd63f;C:\Program Files (x86)\Citrix\ICA Client;C:\Program Files\Java\jdk-17\bin\server

VM Arguments:
jvm_args: -Dcom.sun.management.jmxremote -Dcom.sun.management.jmxremote.port=63468 -Dcom.sun.management.jmxremote.authenticate=false -Dcom.sun.management.jmxremote.ssl=false -Djava.rmi.server.hostname=localhost -Dspring.jmx.enabled=true -Dmanagement.endpoints.jmx.exposure.include=* -Dspring.application.admin.enabled=true -XX:TieredStopAtLevel=1 -Dspring.boot.project.name=configserver -Dfile.encoding=UTF-8 -Dstdout.encoding=UTF-8 -Dstderr.encoding=UTF-8 -XX:+ShowCodeDetailsInExceptionMessages 
java_command: com.eazybytes.configserver.ConfigserverApplication --spring.output.ansi.enabled=always
java_class_path (initial): C:\Users\sivakrishna\Documents\Resilience\configserver\target\classes;C:\Users\sivakrishna\.m2\repository\org\springframework\boot\spring-boot-starter-actuator\3.5.7\spring-boot-starter-actuator-3.5.7.jar;C:\Users\sivakrishna\.m2\repository\org\springframework\boot\spring-boot-starter\3.5.7\spring-boot-starter-3.5.7.jar;C:\Users\sivakrishna\.m2\repository\org\springframework\boot\spring-boot\3.5.7\spring-boot-3.5.7.jar;C:\Users\sivakrishna\.m2\repository\org\springframework\spring-context\6.2.12\spring-context-6.2.12.jar;C:\Users\sivakrishna\.m2\repository\org\springframework\boot\spring-boot-autoconfigure\3.5.7\spring-boot-autoconfigure-3.5.7.jar;C:\Users\sivakrishna\.m2\repository\org\springframework\boot\spring-boot-starter-logging\3.5.7\spring-boot-starter-logging-3.5.7.jar;C:\Users\sivakrishna\.m2\repository\ch\qos\logback\logback-classic\1.5.20\logback-classic-1.5.20.jar;C:\Users\sivakrishna\.m2\repository\ch\qos\logback\logback-core\1.5.20\logback-core-1.5.20.jar;C:\Users\sivakrishna\.m2\repository\org\apache\logging\log4j\log4j-to-slf4j\2.24.3\log4j-to-slf4j-2.24.3.jar;C:\Users\sivakrishna\.m2\repository\org\apache\logging\log4j\log4j-api\2.24.3\log4j-api-2.24.3.jar;C:\Users\sivakrishna\.m2\repository\org\slf4j\jul-to-slf4j\2.0.17\jul-to-slf4j-2.0.17.jar;C:\Users\sivakrishna\.m2\repository\jakarta\annotation\jakarta.annotation-api\2.1.1\jakarta.annotation-api-2.1.1.jar;C:\Users\sivakrishna\.m2\repository\org\springframework\boot\spring-boot-actuator-autoconfigure\3.5.7\spring-boot-actuator-autoconfigure-3.5.7.jar;C:\Users\sivakrishna\.m2\repository\org\springframework\boot\spring-boot-actuator\3.5.7\spring-boot-actuator-3.5.7.jar;C:\Users\sivakrishna\.m2\repository\com\fasterxml\jackson\core\jackson-databind\2.19.2\jackson-databind-2.19.2.jar;C:\Users\sivakrishna\.m2\repository\com\fasterxml\jackson\datatype\jackson-datatype-jsr310\2.19.2\jackson-datatype-jsr310-2.19.2.jar;C:\Users\sivakrishna\.m2\repository\io\micrometer\microme
Launcher Type: SUN_STANDARD

[Global flags]
     intx CICompilerCount                          = 4                                         {product} {ergonomic}
     uint ConcGCThreads                            = 2                                         {product} {ergonomic}
     uint G1ConcRefinementThreads                  = 8                                         {product} {ergonomic}
   size_t G1HeapRegionSize                         = 1048576                                   {product} {ergonomic}
    uintx GCDrainStackTargetSize                   = 64                                        {product} {ergonomic}
   size_t InitialHeapSize                          = 100663296                                 {product} {ergonomic}
     bool ManagementServer                         = true                                      {product} {command line}
   size_t MarkStackSize                            = 4194304                                   {product} {ergonomic}
   size_t MaxHeapSize                              = 1595932672                                {product} {ergonomic}
   size_t MinHeapDeltaBytes                        = 1048576                                   {product} {ergonomic}
   size_t MinHeapSize                              = 8388608                                   {product} {ergonomic}
    uintx NonProfiledCodeHeapSize                  = 0                                      {pd product} {ergonomic}
     bool ProfileInterpreter                       = false                                  {pd product} {command line}
    uintx ProfiledCodeHeapSize                     = 0                                      {pd product} {ergonomic}
     bool ShowCodeDetailsInExceptionMessages       = true                                   {manageable} {command line}
   size_t SoftMaxHeapSize                          = 1595932672                             {manageable} {ergonomic}
     intx TieredStopAtLevel                        = 1                                         {product} {command line}
     bool UseCompressedClassPointers               = true                           {product lp64_product} {ergonomic}
     bool UseCompressedOops                        = true                           {product lp64_product} {ergonomic}
     bool UseG1GC                                  = true                                      {product} {ergonomic}
     bool UseLargePagesIndividualAllocation        = false                                  {pd product} {ergonomic}

Logging:
Log output configuration:
 #0: stdout all=warning uptime,level,tags
 #1: stderr all=off uptime,level,tags

Environment Variables:
JAVA_HOME=C:\Program Files\Java\jdk-17
PATH=C:/Users/sivakrishna/Downloads/STS/sts-4.27.0.RELEASE//plugins/org.eclipse.justj.openjdk.hotspot.jre.full.win32.x86_64_21.0.5.v20241023-1957/jre/bin/server;C:/Users/sivakrishna/Downloads/STS/sts-4.27.0.RELEASE//plugins/org.eclipse.justj.openjdk.hotspot.jre.full.win32.x86_64_21.0.5.v20241023-1957/jre/bin;C:\Program Files\Java\jdk-17\bin;C:\app\sivakrishna\product\18.0.0\dbhomeXE\bin;C:\Program Files (x86)\Common Files\Oracle\Java\javapath;C:\app\sivakrishna\product\21c\dbhomeXE\bin;C:\oraclexe\app\oracle\product\11.2.0\server\bin;C:\Program Files\Common Files\Oracle\Java\javapath;C:\Program Files\Python310\Scripts\;C:\Program Files\Python310\;C:\WINDOWS\system32;C:\WINDOWS;C:\WINDOWS\System32\Wbem;C:\WINDOWS\System32\WindowsPowerShell\v1.0\;C:\WINDOWS\System32\OpenSSH\;C:\Users\sivakrishna\PycharmProjects\untitled\venv\Scripts;C:\Users\sivakrishna\PycharmProjects;C:\Users\sivakrishna\.PyCharmCE2019.3;C:\msys64\mingw64\bin;C:\Program Files\MySQL\MySQL Server 8.0\bin;C:\Program Files\HP\HP One Agent;C:\Program Files\Amazon\AWSCLIV2\;C:\Program Files\Apache\apache-maven-3.9.9\bin;C:\WINDOWS\system32;C:\WINDOWS;C:\WINDOWS\System32\Wbem;C:\WINDOWS\System32\WindowsPowerShell\v1.0\;C:\WINDOWS\System32\OpenSSH\;C:\Program Files\nodejs\;C:\Program Files\Docker\Docker\resources\bin;C:\Program Files\Git\cmd;C:\Users\sivakrishna\scoop\shims;C:\Users\sivakrishna\.console-ninja\.bin;C:\Program Files\MySQL\MySQL Shell 8.0\bin\;C:\Users\sivakrishna\AppData\Local\Programs\Python\Python36\Scripts\;C:\Users\sivakrishna\AppData\Local\Programs\Python\Python36\;C:\Users\sivakrishna\AppData\Local\Microsoft\WindowsApps;C:\Program Files\JetBrains\PyCharm Community Edition 2019.3.1\bin;C:\Users\sivakrishna\AppData\Local\atom\bin;C:\Users\sivakrishna\AppData\Local\Programs\Microsoft VS Code\bin;C:\Program Files\JetBrains\IntelliJ IDEA Community Edition 2022.3.1\bin;C:\Program Files\MongoDB\Server\7.0\bin;C:\mongosh-1.10.5-win32-x64\mongosh-1.10.5-win32-x64\bin;;C:\Users\sivakrishna\AppData\L
USERNAME=sivakrishna
OS=Windows_NT
PROCESSOR_IDENTIFIER=AMD64 Family 23 Model 24 Stepping 1, AuthenticAMD



---------------  S Y S T E M  ---------------

OS:
 Windows 11 , 64 bit Build 26100 (10.0.26100.5074)
OS uptime: 19 days 23:36 hours
Hyper-V role detected

CPU: total 8 (initial active 8) (8 cores per cpu, 2 threads per core) family 23 model 24 stepping 1 microcode 0x8108109, cx8, cmov, fxsr, ht, mmx, 3dnowpref, sse, sse2, sse3, ssse3, sse4a, sse4.1, sse4.2, popcnt, lzcnt, tsc, tscinvbit, avx, avx2, aes, clmul, bmi1, bmi2, adx, sha, fma, vzeroupper, clflush, clflushopt, hv

Memory: 4k page, system-wide physical 6086M (1026M free)
TotalPageFile size 24518M (AvailPageFile size 96M)
current process WorkingSet (physical memory assigned to process): 13M, peak: 13M
current process commit charge ("private bytes"): 56M, peak: 152M

vm_info: Java HotSpot(TM) 64-Bit Server VM (17.0.12+8-LTS-286) for windows-amd64 JRE (17.0.12+8-LTS-286), built on Jun  5 2024 06:46:59 by "mach5one" with MS VC++ 17.6 (VS2022)

END.
